2026-02-09 22:28:24 [INFO] root: Serwer startuje na http://0.0.0.0:8000
2026-02-09 22:28:24 [INFO] root: Archiwum logów: /var/ossec/logs/archives/archives.json
2026-02-09 22:28:24 [INFO] root: Logi aplikacji zapisywane do: /workspace/networkC/logs/app.log
2026-02-09 22:28:24 [INFO] src.web_app: Aplikacja uruchomiona, załadowano 5000 wpisów
2026-02-09 22:28:34 [WARNING] src.log_processor: Nie udało się sparsować linii: {"timestamp":"2026-02-09T22:28:34.599+0100","rule":{"level":7,"description":"Lis...
2026-02-09 22:28:34 [WARNING] src.log_processor: Nie udało się sparsować linii: .1"],"gdpr":["IV_35.7.d"],"hipaa":["164.312.b"],"nist_800_53":["AU.14","AU.6"],"...
2026-02-09 22:31:48 [INFO] root: Serwer startuje na http://0.0.0.0:8000
2026-02-09 22:31:48 [INFO] root: Archiwum logów: /var/ossec/logs/archives/archives.json
2026-02-09 22:31:48 [INFO] root: Logi aplikacji zapisywane do: /workspace/networkC/logs/app.log
2026-02-09 22:31:48 [INFO] src.web_app: Aplikacja uruchomiona, załadowano 5000 wpisów
2026-02-09 22:40:15 [INFO] root: Serwer startuje na http://0.0.0.0:8000
2026-02-09 22:40:15 [INFO] root: Archiwum logów: /var/ossec/logs/archives/archives.json
2026-02-09 22:40:15 [INFO] root: Logi aplikacji zapisywane do: /workspace/networkC/logs/app.log
2026-02-09 22:40:15 [INFO] src.web_app: Aplikacja uruchomiona, załadowano 5000 wpisów
2026-02-10 00:37:59 [INFO] root: Serwer startuje na http://0.0.0.0:8000
2026-02-10 00:37:59 [INFO] root: Archiwum logów: /var/ossec/logs/archives/archives.json
2026-02-10 00:37:59 [INFO] root: Logi aplikacji zapisywane do: /workspace/networkC/logs/app.log
2026-02-10 00:37:59 [INFO] src.web_app: Aplikacja uruchomiona, załadowano 200 wpisów
2026-02-10 00:39:00 [WARNING] src.log_processor: Błąd JSON (linia): {"timestamp":"2026-02-10T00:39:00.454+0100","agent":{"id":"002","name":"uBntu-Un... | Unterminated string starting at: line 1 column 123 (char 122)
2026-02-10 00:39:01 [WARNING] src.log_processor: Błąd JSON (linia): 6de"},"id":"1770680340.323","full_log":"{\"type\":\"network_flow\",\"timestamp\"... | Extra data: line 1 column 2 (char 1)
2026-02-10 00:42:48 [INFO] root: Serwer startuje na http://0.0.0.0:8000
2026-02-10 00:42:48 [INFO] root: Archiwum logów: /var/ossec/logs/archives/archives.json
2026-02-10 00:42:48 [INFO] root: Logi aplikacji zapisywane do: /workspace/networkC/logs/app.log
2026-02-10 00:42:48 [INFO] src.web_app: Aplikacja uruchomiona, załadowano 312 wpisów
2026-02-10 00:46:42 [INFO] root: Serwer startuje na http://0.0.0.0:8000
2026-02-10 00:46:42 [INFO] root: Archiwum logów: /var/ossec/logs/archives/archives.json
2026-02-10 00:46:42 [INFO] root: Logi aplikacji zapisywane do: /workspace/networkC/logs/app.log
2026-02-10 00:46:42 [INFO] src.web_app: Aplikacja uruchomiona, załadowano 396 wpisów
2026-02-10 00:47:06 [WARNING] src.log_processor: Błąd JSON (linia): {"timestamp":"2026-02-10T00:47:06.496+0100","agent":{"id":"002","name":"uBntu-Un... | Unterminated string starting at: line 1 column 144 (char 143)
2026-02-10 00:47:07 [WARNING] src.log_processor: Błąd JSON (linia): ","full_log":"{\"type\":\"network_flow\",\"timestamp\":1770680824,\"src_ip\":\"1... | Extra data: line 1 column 4 (char 3)
2026-02-10 00:50:07 [INFO] root: Serwer startuje na http://0.0.0.0:8000
2026-02-10 00:50:07 [INFO] root: Archiwum logów: /var/ossec/logs/archives/archives.json
2026-02-10 00:50:07 [INFO] root: Logi aplikacji zapisywane do: /workspace/networkC/logs/app.log
2026-02-10 00:50:07 [INFO] src.web_app: Aplikacja uruchomiona, załadowano 468 wpisów
2026-02-10 00:55:14 [INFO] root: Serwer startuje na http://0.0.0.0:8000
2026-02-10 00:55:14 [INFO] root: Archiwum logów: /var/ossec/logs/archives/archives.json
2026-02-10 00:55:14 [INFO] root: Logi aplikacji zapisywane do: /workspace/networkC/logs/app.log
2026-02-10 00:55:14 [INFO] src.web_app: Aplikacja uruchomiona, załadowano 582 wpisów
2026-02-10 00:59:51 [INFO] root: Serwer startuje na http://0.0.0.0:8000
2026-02-10 00:59:51 [INFO] root: Archiwum logów: /var/ossec/logs/archives/archives.json
2026-02-10 00:59:51 [INFO] root: Logi aplikacji zapisywane do: /workspace/networkC/logs/app.log
2026-02-10 00:59:51 [INFO] src.web_app: Aplikacja uruchomiona, załadowano 719 wpisów
2026-02-10 01:02:56 [INFO] root: Serwer startuje na http://0.0.0.0:8000
2026-02-10 01:02:56 [INFO] root: Archiwum logów: /var/ossec/logs/archives/archives.json
2026-02-10 01:02:56 [INFO] root: Logi aplikacji zapisywane do: /workspace/networkC/logs/app.log
2026-02-10 01:02:56 [INFO] src.web_app: Aplikacja uruchomiona, załadowano 775 wpisów
2026-02-10 01:07:38 [INFO] root: Serwer startuje na http://0.0.0.0:8000
2026-02-10 01:07:38 [INFO] root: Archiwum logów: /var/ossec/logs/archives/archives.json
2026-02-10 01:07:38 [INFO] root: Logi aplikacji zapisywane do: /workspace/networkC/logs/app.log
2026-02-10 01:07:38 [INFO] src.web_app: Aplikacja uruchomiona, załadowano 874 wpisów
2026-02-10 01:13:20 [INFO] root: Serwer startuje na http://0.0.0.0:8000
2026-02-10 01:13:20 [INFO] root: Archiwum logów: /var/ossec/logs/archives/archives.json
2026-02-10 01:13:20 [INFO] root: Logi aplikacji zapisywane do: /workspace/networkC/logs/app.log
2026-02-10 01:13:20 [INFO] src.web_app: Aplikacja uruchomiona, załadowano 993 wpisów
2026-02-10 01:25:53 [INFO] root: Serwer startuje na http://0.0.0.0:8000
2026-02-10 01:25:53 [INFO] root: Archiwum logów: /var/ossec/logs/archives/archives.json
2026-02-10 01:25:53 [INFO] root: Logi aplikacji zapisywane do: /workspace/networkC/logs/app.log
2026-02-10 01:25:54 [INFO] src.web_app: Aplikacja uruchomiona, załadowano 5000 wpisów
2026-02-10 01:30:27 [INFO] root: Serwer startuje na http://0.0.0.0:8000
2026-02-10 01:30:27 [INFO] root: Archiwum logów: /var/ossec/logs/archives/archives.json
2026-02-10 01:30:27 [INFO] root: Logi aplikacji zapisywane do: /workspace/networkC/logs/app.log
2026-02-10 01:30:27 [INFO] src.web_app: Aplikacja uruchomiona, załadowano 5000 wpisów
2026-02-10 01:34:08 [INFO] root: Serwer startuje na http://0.0.0.0:8000
2026-02-10 01:34:08 [INFO] root: Archiwum logów: /var/ossec/logs/archives/archives.json
2026-02-10 01:34:08 [INFO] root: Logi aplikacji zapisywane do: /workspace/networkC/logs/app.log
2026-02-10 01:34:08 [INFO] src.web_app: Aplikacja uruchomiona, załadowano 5000 wpisów
2026-02-10 02:09:24 [INFO] root: Serwer startuje na http://0.0.0.0:8000
2026-02-10 02:09:24 [INFO] root: Archiwum logów: /var/ossec/logs/archives/archives.json
2026-02-10 02:09:24 [INFO] root: Logi aplikacji zapisywane do: /workspace/networkC/logs/app.log
2026-02-10 02:09:24 [INFO] src.web_app: Aplikacja uruchomiona, załadowano 5000 wpisów
2026-02-10 02:10:33 [INFO] root: Serwer startuje na http://0.0.0.0:8000
2026-02-10 02:10:33 [INFO] root: Archiwum logów: /var/ossec/logs/archives/archives.json
2026-02-10 02:10:33 [INFO] root: Logi aplikacji zapisywane do: /workspace/networkC/logs/app.log
2026-02-10 02:10:33 [INFO] src.web_app: Aplikacja uruchomiona, załadowano 5000 wpisów
2026-02-10 02:11:46 [INFO] root: Serwer startuje na http://0.0.0.0:8000
2026-02-10 02:11:46 [INFO] root: Archiwum logów: /var/ossec/logs/archives/archives.json
2026-02-10 02:11:46 [INFO] root: Logi aplikacji zapisywane do: /workspace/networkC/logs/app.log
2026-02-10 02:11:46 [INFO] src.web_app: Aplikacja uruchomiona, załadowano 5000 wpisów
2026-02-10 20:22:01 [INFO] root: Serwer startuje na http://0.0.0.0:8000
2026-02-10 20:22:01 [INFO] root: Archiwum logów: /var/ossec/logs/archives/archives.json
2026-02-10 20:22:01 [INFO] root: Logi aplikacji zapisywane do: /workspace/networkC/logs/app.log
2026-02-10 20:22:01 [INFO] src.web_app: Aplikacja uruchomiona, załadowano 5000 wpisów
2026-02-10 20:27:04 [INFO] root: Serwer startuje na http://0.0.0.0:8000
2026-02-10 20:27:04 [INFO] root: Archiwum logów: /var/ossec/logs/archives/archives.json
2026-02-10 20:27:04 [INFO] root: Logi aplikacji zapisywane do: /workspace/networkC/logs/app.log
2026-02-10 20:27:04 [INFO] src.web_app: Aplikacja uruchomiona, załadowano 5000 wpisów
2026-02-10 22:27:34 [INFO] root: Serwer startuje na http://0.0.0.0:8000
2026-02-10 22:27:34 [INFO] root: Archiwum logów: /var/ossec/logs/archives/archives.json
2026-02-10 22:27:34 [INFO] root: Logi aplikacji zapisywane do: /workspace/networkC/logs/app.log
2026-02-10 22:27:35 [INFO] src.web_app: Aplikacja uruchomiona, załadowano 4999 wpisów
2026-02-10 22:38:48 [INFO] root: Serwer startuje na http://0.0.0.0:8000
2026-02-10 22:38:48 [INFO] root: Archiwum logów: /var/ossec/logs/archives/archives.json
2026-02-10 22:38:48 [INFO] root: Logi aplikacji zapisywane do: /workspace/networkC/logs/app.log
2026-02-10 22:38:49 [INFO] src.web_app: Aplikacja uruchomiona, załadowano 5000 wpisów
2026-02-10 23:37:27 [INFO] root: Serwer startuje na http://0.0.0.0:8000
2026-02-10 23:37:27 [INFO] root: Archiwum logów: /var/ossec/logs/archives/archives.json
2026-02-10 23:37:27 [INFO] root: Logi aplikacji zapisywane do: /workspace/networkC/logs/app.log
2026-02-10 23:37:29 [INFO] src.web_app: Aplikacja uruchomiona, załadowano 5000 wpisów
2026-02-10 23:46:29 [INFO] root: Serwer startuje na http://0.0.0.0:8000
2026-02-10 23:46:29 [INFO] root: Archiwum logów: /var/ossec/logs/archives/archives.json
2026-02-10 23:46:29 [INFO] root: Logi aplikacji zapisywane do: /workspace/networkC/logs/app.log
2026-02-10 23:46:33 [INFO] src.web_app: Aplikacja uruchomiona, załadowano 5000 wpisów
2026-02-10 23:51:52 [INFO] root: Serwer startuje na http://0.0.0.0:8000
2026-02-10 23:51:52 [INFO] root: Archiwum logów: /var/ossec/logs/archives/archives.json
2026-02-10 23:51:52 [INFO] root: Logi aplikacji zapisywane do: /workspace/networkC/logs/app.log
2026-02-10 23:51:56 [INFO] src.web_app: Aplikacja uruchomiona, załadowano 5000 wpisów
2026-02-10 23:58:25 [INFO] root: Serwer startuje na http://0.0.0.0:8000
2026-02-10 23:58:25 [INFO] root: Archiwum logów: /var/ossec/logs/archives/archives.json
2026-02-10 23:58:25 [INFO] root: Logi aplikacji zapisywane do: /workspace/networkC/logs/app.log
2026-02-10 23:58:29 [INFO] src.web_app: Aplikacja uruchomiona, załadowano 5000 wpisów
2026-02-11 00:06:04 [INFO] root: Serwer startuje na http://0.0.0.0:8000
2026-02-11 00:06:04 [INFO] root: Archiwum logów: /var/ossec/logs/archives/archives.json
2026-02-11 00:06:04 [INFO] root: Logi aplikacji zapisywane do: /workspace/networkC/logs/app.log
2026-02-11 00:06:04 [INFO] src.web_app: Aplikacja uruchomiona, załadowano 918 wpisów
2026-02-11 00:23:43 [INFO] root: Serwer startuje na http://0.0.0.0:8000
2026-02-11 00:23:43 [INFO] root: Archiwum logów: /var/ossec/logs/archives/archives.json
2026-02-11 00:23:43 [INFO] root: Logi aplikacji zapisywane do: /workspace/networkC/logs/app.log
2026-02-11 00:23:44 [INFO] src.web_app: Aplikacja uruchomiona, załadowano 2070 wpisów
2026-02-11 00:32:28 [INFO] root: Serwer startuje na http://0.0.0.0:8000
2026-02-11 00:32:28 [INFO] root: Archiwum logów: /var/ossec/logs/archives/archives.json
2026-02-11 00:32:28 [INFO] root: Logi aplikacji zapisywane do: /workspace/networkC/logs/app.log
2026-02-11 00:32:29 [INFO] src.web_app: Aplikacja uruchomiona, załadowano 2375 wpisów
2026-02-11 23:27:40 [INFO] root: Serwer startuje na http://0.0.0.0:8000
2026-02-11 23:27:40 [INFO] root: Archiwum logów: /var/ossec/logs/archives/archives.json
2026-02-11 23:27:40 [INFO] root: Logi aplikacji zapisywane do: /workspace/networkC/logs/app.log
2026-02-11 23:27:41 [INFO] src.web_app: Aplikacja uruchomiona, załadowano 2535 wpisów
2026-02-12 00:17:39 [INFO] root: Serwer startuje na http://0.0.0.0:8000
2026-02-12 00:17:39 [INFO] root: Archiwum logów: /var/ossec/logs/archives/archives.json
2026-02-12 00:17:39 [INFO] root: Logi aplikacji zapisywane do: /workspace/networkC/logs/app.log
2026-02-12 00:17:41 [INFO] src.web_app: Aplikacja uruchomiona, załadowano 2535 wpisów
2026-02-12 00:38:35 [INFO] root: Serwer startuje na http://0.0.0.0:8000
2026-02-12 00:38:35 [INFO] root: Archiwum logów: /var/ossec/logs/archives/archives.json
2026-02-12 00:38:35 [INFO] root: Logi aplikacji zapisywane do: /workspace/networkC/logs/app.log
2026-02-12 00:38:37 [INFO] src.web_app: Aplikacja uruchomiona, załadowano 2535 wpisów
2026-02-12 00:43:07 [INFO] src.web_app: Aplikacja zakończona (graceful shutdown)
2026-02-12 00:43:10 [INFO] root: Serwer startuje na http://0.0.0.0:8000
2026-02-12 00:43:10 [INFO] root: Archiwum logów: /var/ossec/logs/archives/archives.json
2026-02-12 00:43:10 [INFO] root: Logi aplikacji zapisywane do: /workspace/networkC/logs/app.log
2026-02-12 00:43:11 [INFO] src.web_app: Aplikacja uruchomiona, załadowano 112 wpisów
2026-02-12 00:54:50 [INFO] src.web_app: Aplikacja zakończona (graceful shutdown)
2026-02-12 00:59:29 [INFO] root: === Start aplikacji OSSEC/Wazuh Log Viewer ===
2026-02-12 00:59:29 [INFO] root: Wersja: 0.2.0
2026-02-12 00:59:29 [INFO] root: Serwer: http://0.0.0.0:8000
2026-02-12 00:59:29 [INFO] root: Plik konfiguracji: (domyślna)
2026-02-12 00:59:29 [INFO] root: Archiwum logów: /var/ossec/logs/archives/archives.json
2026-02-12 00:59:29 [INFO] root: Max logów w pamięci: 5000, interwał poll: 0.5 s
2026-02-12 00:59:29 [INFO] root: Baza danych: włączona, path=/workspace/networkC/data/logs.db, retencja=7 dni, batch_size=50
2026-02-12 00:59:29 [INFO] root: Logi aplikacji: /workspace/networkC/logs/app.log (poziom: INFO)
2026-02-12 00:59:29 [INFO] root: Czekanie na archiwum: co 10 s, max prób: ∞
2026-02-12 00:59:29 [INFO] root: === Koniec konfiguracji startu ===
2026-02-12 00:59:31 [INFO] src.db: Baza logów otwarta: /workspace/networkC/data/logs.db (retencja 7 dni)
2026-02-12 00:59:31 [INFO] src.web_app: Zapisano 50 wpisów do bazy (batch)
2026-02-12 00:59:31 [INFO] src.web_app: Zapisano 50 wpisów do bazy (batch)
2026-02-12 00:59:31 [INFO] src.web_app: Zapisano 50 wpisów do bazy (batch)
2026-02-12 00:59:31 [INFO] src.web_app: Zapisano 50 wpisów do bazy (batch)
2026-02-12 00:59:31 [INFO] src.web_app: Zapisano 50 wpisów do bazy (batch)
2026-02-12 00:59:31 [INFO] src.web_app: Zapisano 50 wpisów do bazy (batch)
2026-02-12 00:59:31 [INFO] src.web_app: Zapisano 50 wpisów do bazy (batch)
2026-02-12 00:59:31 [INFO] src.web_app: Zapisano 50 wpisów do bazy (batch)
2026-02-12 00:59:31 [INFO] src.web_app: Zapisano 50 wpisów do bazy (batch)
2026-02-12 00:59:31 [INFO] src.web_app: Zapisano 50 wpisów do bazy (batch)
2026-02-12 00:59:32 [INFO] src.web_app: Zapisano 50 wpisów do bazy (batch)
2026-02-12 00:59:32 [INFO] src.web_app: Zapisano 50 wpisów do bazy (batch)
2026-02-12 00:59:32 [INFO] src.web_app: Zapisano 50 wpisów do bazy (batch)
2026-02-12 00:59:32 [INFO] src.web_app: Zapisano 50 wpisów do bazy (batch)
2026-02-12 00:59:32 [INFO] src.web_app: Zapisano 50 wpisów do bazy (batch)
2026-02-12 00:59:32 [INFO] src.web_app: Zapisano 50 wpisów do bazy (batch)
2026-02-12 00:59:32 [INFO] src.web_app: Zapisano 50 wpisów do bazy (batch)
2026-02-12 00:59:32 [INFO] src.web_app: Zapisano 50 wpisów do bazy (batch)
2026-02-12 00:59:32 [INFO] src.web_app: Zapisano 50 wpisów do bazy (batch)
2026-02-12 00:59:32 [INFO] src.web_app: Zapisano 50 wpisów do bazy (batch)
2026-02-12 00:59:32 [INFO] src.web_app: Zapisano 50 wpisów do bazy (batch)
2026-02-12 00:59:32 [INFO] src.web_app: Zapisano 50 wpisów do bazy (batch)
2026-02-12 00:59:32 [INFO] src.web_app: Zapisano 50 wpisów do bazy (batch)
2026-02-12 00:59:32 [INFO] src.web_app: Zapisano 50 wpisów do bazy (batch)
2026-02-12 00:59:32 [INFO] src.web_app: Zapisano 50 wpisów do bazy (batch)
2026-02-12 00:59:32 [INFO] src.web_app: Zapisano 50 wpisów do bazy (batch)
2026-02-12 00:59:32 [INFO] src.web_app: Zapisano 50 wpisów do bazy (batch)
2026-02-12 00:59:32 [INFO] src.web_app: Zapisano 50 wpisów do bazy (batch)
2026-02-12 00:59:32 [INFO] src.web_app: Zapisano 50 wpisów do bazy (batch)
2026-02-12 00:59:32 [INFO] src.web_app: Zapisano 50 wpisów do bazy (batch)
2026-02-12 00:59:32 [INFO] src.web_app: Zapisano 50 wpisów do bazy (batch)
2026-02-12 00:59:32 [INFO] src.web_app: Zapisano 50 wpisów do bazy (batch)
2026-02-12 00:59:32 [INFO] src.web_app: Zapisano 50 wpisów do bazy (batch)
2026-02-12 00:59:32 [INFO] src.web_app: Zapisano 50 wpisów do bazy (batch)
2026-02-12 00:59:32 [INFO] src.web_app: Zapisano 50 wpisów do bazy (batch)
2026-02-12 00:59:32 [INFO] src.web_app: Zapisano 50 wpisów do bazy (batch)
2026-02-12 00:59:32 [INFO] src.web_app: Zapisano 50 wpisów do bazy (batch)
2026-02-12 00:59:32 [INFO] src.web_app: Zapisano 50 wpisów do bazy (batch)
2026-02-12 00:59:32 [INFO] src.web_app: Zapisano 50 wpisów do bazy (batch)
2026-02-12 00:59:32 [INFO] src.web_app: Zapisano 50 wpisów do bazy (batch)
2026-02-12 00:59:32 [INFO] src.web_app: Zapisano 50 wpisów do bazy (batch)
2026-02-12 00:59:32 [INFO] src.web_app: Zapisano 50 wpisów do bazy (batch)
2026-02-12 00:59:32 [INFO] src.web_app: Zapisano 50 wpisów do bazy (batch)
2026-02-12 00:59:32 [INFO] src.web_app: Zapisano 50 wpisów do bazy (batch)
2026-02-12 00:59:32 [INFO] src.web_app: Zapisano 50 wpisów do bazy (batch)
2026-02-12 00:59:32 [INFO] src.web_app: Zapisano 50 wpisów do bazy (batch)
2026-02-12 00:59:32 [INFO] src.web_app: Zapisano 50 wpisów do bazy (batch)
2026-02-12 00:59:32 [INFO] src.web_app: Zapisano 50 wpisów do bazy (batch)
2026-02-12 00:59:32 [INFO] src.web_app: Zapisano 50 wpisów do bazy (batch)
2026-02-12 00:59:32 [INFO] src.web_app: Zapisano 50 wpisów do bazy (batch)
2026-02-12 00:59:32 [INFO] src.web_app: Zapisano 50 wpisów do bazy (batch)
2026-02-12 00:59:32 [INFO] src.web_app: Zapisano 50 wpisów do bazy (batch)
2026-02-12 00:59:32 [INFO] src.web_app: Zapisano 50 wpisów do bazy (batch)
2026-02-12 00:59:32 [INFO] src.web_app: Zapisano 50 wpisów do bazy (batch)
2026-02-12 00:59:32 [INFO] src.web_app: Zapisano 50 wpisów do bazy (batch)
2026-02-12 00:59:32 [INFO] src.web_app: Zapisano 50 wpisów do bazy (batch)
2026-02-12 00:59:32 [INFO] src.web_app: Zapisano 50 wpisów do bazy (batch)
2026-02-12 00:59:32 [INFO] src.web_app: Zapisano 50 wpisów do bazy (batch)
2026-02-12 00:59:32 [INFO] src.web_app: Zapisano 50 wpisów do bazy (batch)
2026-02-12 00:59:32 [INFO] src.web_app: Zapisano 50 wpisów do bazy (batch)
2026-02-12 00:59:32 [INFO] src.web_app: Zapisano 50 wpisów do bazy (batch)
2026-02-12 00:59:32 [INFO] src.web_app: Zapisano 50 wpisów do bazy (batch)
2026-02-12 00:59:32 [INFO] src.web_app: Zapisano 50 wpisów do bazy (batch)
2026-02-12 00:59:32 [INFO] src.web_app: Zapisano 50 wpisów do bazy (batch)
2026-02-12 00:59:32 [INFO] src.web_app: Zapisano 50 wpisów do bazy (batch)
2026-02-12 00:59:32 [INFO] src.web_app: Zapisano 50 wpisów do bazy (batch)
2026-02-12 00:59:32 [INFO] src.log_processor: Załadowano 3327 wpisów z pliku (rozmiar 13626133 bajtów, inode=7731374), śledzę plik...
2026-02-12 00:59:32 [INFO] src.web_app: Aplikacja uruchomiona, załadowano 3327 wpisów
2026-02-12 00:59:55 [INFO] root: === Start aplikacji OSSEC/Wazuh Log Viewer ===
2026-02-12 00:59:55 [INFO] root: Wersja: 0.2.0
2026-02-12 00:59:55 [INFO] root: Serwer: http://0.0.0.0:8000
2026-02-12 00:59:55 [INFO] root: Plik konfiguracji: (domyślna)
2026-02-12 00:59:55 [INFO] root: Archiwum logów: /var/ossec/logs/archives/archives.json
2026-02-12 00:59:55 [INFO] root: Max logów w pamięci: 5000, interwał poll: 0.5 s
2026-02-12 00:59:55 [INFO] root: Baza danych: włączona, path=/workspace/networkC/data/logs.db, retencja=7 dni, batch_size=50
2026-02-12 00:59:55 [INFO] root: Logi aplikacji: /workspace/networkC/logs/app.log (poziom: INFO)
2026-02-12 00:59:55 [INFO] root: Czekanie na archiwum: co 10 s, max prób: ∞
2026-02-12 00:59:55 [INFO] root: === Koniec konfiguracji startu ===
2026-02-12 00:59:58 [INFO] src.db: Baza logów otwarta: /workspace/networkC/data/logs.db (retencja 7 dni)
2026-02-12 00:59:59 [INFO] src.log_processor: Załadowano 3322 wpisów z pliku (rozmiar 14078538 bajtów, inode=7731374), śledzę plik...
2026-02-12 00:59:59 [INFO] src.web_app: Aplikacja uruchomiona, załadowano 3322 wpisów
2026-02-12 00:59:59 [INFO] src.web_app: GET /api/stats -> 200 0.048s
2026-02-12 00:59:59 [INFO] src.web_app: GET /api/stream -> 200 0.002s
2026-02-12 01:00:00 [INFO] src.web_app: GET /api/alerts -> 200 0.317s
2026-02-12 01:00:09 [INFO] src.web_app: GET /api/stats -> 200 0.090s
2026-02-12 01:00:09 [INFO] src.web_app: GET /api/alerts -> 200 0.488s
2026-02-12 01:00:19 [INFO] src.web_app: GET /api/stats -> 200 0.073s
2026-02-12 01:00:19 [INFO] src.web_app: GET /api/alerts -> 200 0.481s
2026-02-12 01:00:24 [INFO] src.web_app: GET / -> 200 0.001s
2026-02-12 01:00:24 [INFO] src.web_app: GET /api/stream -> 200 0.004s
2026-02-12 01:00:25 [INFO] src.web_app: GET /api/logs -> 200 0.063s
2026-02-12 01:00:25 [INFO] src.web_app: GET /api/config -> 200 0.006s
2026-02-12 01:00:25 [INFO] src.web_app: GET /api/stats -> 200 0.068s
2026-02-12 01:00:25 [INFO] src.web_app: GET /api/logs -> 200 0.045s
2026-02-12 01:00:26 [INFO] src.web_app: GET /api/alerts -> 200 1.112s
2026-02-12 01:00:26 [INFO] src.web_app: GET /api/network/analytics -> 200 1.123s
2026-02-12 01:00:27 [INFO] src.web_app: GET /api/telemetry -> 200 0.668s
2026-02-12 01:00:27 [INFO] src.web_app: GET /api/logs -> 200 0.044s
2026-02-12 01:00:28 [INFO] src.web_app: GET /api/telemetry -> 200 1.035s
2026-02-12 01:00:28 [INFO] src.web_app: GET /api/network/analytics -> 200 0.567s
2026-02-12 01:00:34 [INFO] src.web_app: GET /api/stats -> 200 0.051s
2026-02-12 01:00:35 [INFO] src.web_app: GET /api/alerts -> 200 0.366s
2026-02-12 01:00:44 [INFO] src.web_app: GET /api/stats -> 200 0.084s
2026-02-12 01:00:45 [INFO] src.web_app: GET /api/alerts -> 200 0.457s
2026-02-12 01:00:54 [INFO] src.web_app: GET /api/stats -> 200 0.046s
2026-02-12 01:00:55 [INFO] src.web_app: GET /api/alerts -> 200 0.353s
2026-02-12 01:01:04 [INFO] src.web_app: GET /api/stats -> 200 0.045s
2026-02-12 01:01:05 [INFO] src.web_app: GET /api/alerts -> 200 0.338s
2026-02-12 01:01:05 [INFO] src.web_app: GET / -> 200 0.001s
2026-02-12 01:01:06 [INFO] src.web_app: GET /api/logs -> 200 0.053s
2026-02-12 01:01:06 [INFO] src.web_app: GET /api/stream -> 200 0.003s
2026-02-12 01:01:06 [INFO] src.web_app: GET /api/config -> 200 0.002s
2026-02-12 01:01:06 [INFO] src.web_app: GET /api/stats -> 200 0.058s
2026-02-12 01:01:06 [INFO] src.web_app: GET /api/logs -> 200 0.034s
2026-02-12 01:01:06 [INFO] src.web_app: GET /api/alerts -> 200 0.340s
2026-02-12 01:01:07 [INFO] src.web_app: GET /api/network/analytics -> 200 0.802s
2026-02-12 01:01:07 [INFO] src.web_app: GET /api/telemetry -> 200 0.381s
2026-02-12 01:01:09 [INFO] src.web_app: GET /api/logs -> 200 0.046s
2026-02-12 01:01:10 [INFO] src.web_app: GET /api/network/analytics -> 200 0.815s
2026-02-12 01:01:10 [INFO] src.web_app: GET /api/telemetry -> 200 0.414s
2026-02-12 01:01:15 [INFO] src.web_app: GET /api/stats -> 200 0.048s
2026-02-12 01:01:16 [INFO] src.web_app: GET /api/alerts -> 200 0.360s
2026-02-12 01:01:25 [INFO] src.web_app: GET /api/stats -> 200 0.057s
2026-02-12 01:01:26 [INFO] src.web_app: GET /api/alerts -> 200 0.376s
2026-02-12 01:01:34 [INFO] src.web_app: GET /api/telemetry -> 200 0.408s
2026-02-12 01:01:35 [INFO] src.web_app: GET /api/stats -> 200 0.048s
2026-02-12 01:01:36 [INFO] src.web_app: GET /api/alerts -> 200 0.413s
2026-02-12 01:01:36 [INFO] src.web_app: GET /api/health -> 200 0.056s
2026-02-12 01:01:38 [INFO] src.web_app: GET /api/telemetry -> 200 0.451s
2026-02-12 01:01:46 [INFO] src.web_app: GET /api/telemetry -> 200 0.480s
2026-02-12 01:01:46 [INFO] src.web_app: GET /api/stats -> 200 0.047s
2026-02-12 01:01:46 [INFO] src.web_app: GET /api/alerts -> 200 0.378s
2026-02-12 01:01:55 [INFO] src.web_app: GET /api/health -> 200 0.052s
2026-02-12 01:01:55 [INFO] src.web_app: GET /api/stats -> 200 0.062s
2026-02-12 01:01:56 [INFO] src.web_app: GET /api/alerts -> 200 0.399s
2026-02-12 01:01:58 [INFO] src.web_app: GET /api/logs -> 200 0.049s
2026-02-12 01:01:58 [INFO] src.web_app: GET /api/network/analytics -> 200 0.458s
2026-02-12 01:01:59 [INFO] src.web_app: GET /api/telemetry -> 200 0.374s
2026-02-12 01:02:06 [INFO] src.web_app: GET /api/alerts -> 200 0.421s
2026-02-12 01:02:06 [INFO] src.web_app: GET /api/stats -> 200 0.050s
2026-02-12 01:02:06 [INFO] src.web_app: GET / -> 200 0.002s
2026-02-12 01:02:06 [INFO] src.web_app: GET /api/logs -> 200 0.049s
2026-02-12 01:02:06 [INFO] src.web_app: GET /api/config -> 200 0.002s
2026-02-12 01:02:06 [INFO] src.web_app: GET /api/stream -> 200 0.003s
2026-02-12 01:02:07 [INFO] src.web_app: GET /api/stats -> 200 0.065s
2026-02-12 01:02:07 [INFO] src.web_app: GET /api/logs -> 200 0.041s
2026-02-12 01:02:07 [INFO] src.web_app: GET /api/alerts -> 200 0.823s
2026-02-12 01:02:08 [INFO] src.web_app: GET /api/network/analytics -> 200 0.841s
2026-02-12 01:02:08 [INFO] src.web_app: GET /api/telemetry -> 200 0.439s
2026-02-12 01:02:16 [INFO] src.web_app: GET /api/stats -> 200 0.045s
2026-02-12 01:02:17 [INFO] src.web_app: GET /api/alerts -> 200 0.343s
2026-02-12 01:02:26 [INFO] src.web_app: GET /api/stats -> 200 0.070s
2026-02-12 01:02:27 [INFO] src.web_app: GET /api/alerts -> 200 0.416s
2026-02-12 01:02:36 [INFO] src.web_app: GET /api/stats -> 200 0.074s
2026-02-12 01:02:37 [INFO] src.web_app: GET /api/alerts -> 200 0.444s
2026-02-12 01:02:46 [INFO] src.web_app: GET /api/stats -> 200 0.046s
2026-02-12 01:02:47 [INFO] src.web_app: GET /api/alerts -> 200 0.431s
2026-02-12 01:02:56 [INFO] src.web_app: GET /api/stats -> 200 0.049s
2026-02-12 01:02:57 [INFO] src.web_app: GET /api/alerts -> 200 0.400s
2026-02-12 01:03:07 [INFO] src.web_app: GET /api/stats -> 200 0.520s
2026-02-12 01:03:07 [INFO] src.web_app: GET /api/alerts -> 200 0.467s
2026-02-12 01:03:07 [INFO] src.web_app: GET /api/alerts -> 200 0.370s
2026-02-12 01:03:16 [INFO] src.web_app: GET /api/stats -> 200 0.060s
2026-02-12 01:03:17 [INFO] src.web_app: GET /api/alerts -> 200 0.390s
2026-02-12 01:03:26 [INFO] src.web_app: GET /api/stats -> 200 0.064s
2026-02-12 01:03:27 [INFO] src.web_app: GET /api/alerts -> 200 0.461s
2026-02-12 01:03:29 [INFO] src.web_app: Zapisano 22 wpisów do bazy (flush bufora)
2026-02-12 01:03:29 [INFO] src.web_app: Shutdown: bufor DB zapisany (22 wpisów)
2026-02-12 01:03:29 [INFO] src.web_app: Baza danych zamknięta
2026-02-12 01:03:29 [INFO] src.web_app: Aplikacja zakończona (graceful shutdown)
2026-02-12 01:06:37 [INFO] root: === Start aplikacji OSSEC/Wazuh Log Viewer ===
2026-02-12 01:06:37 [INFO] root: Wersja: 0.2.0
2026-02-12 01:06:37 [INFO] root: Serwer: http://0.0.0.0:8000
2026-02-12 01:06:37 [INFO] root: Plik konfiguracji: (domyślna)
2026-02-12 01:06:37 [INFO] root: Archiwum logów: /var/ossec/logs/archives/archives.json
2026-02-12 01:06:37 [INFO] root: Max logów w pamięci: 5000, interwał poll: 0.5 s
2026-02-12 01:06:37 [INFO] root: Baza danych: włączona, path=/workspace/networkC/data/logs.db, retencja=7 dni, batch_size=50
2026-02-12 01:06:37 [INFO] root: Logi aplikacji: /workspace/networkC/logs/app.log (poziom: INFO)
2026-02-12 01:06:37 [INFO] root: Czekanie na archiwum: co 10 s, max prób: ∞
2026-02-12 01:06:37 [INFO] root: === Koniec konfiguracji startu ===
2026-02-12 01:06:41 [INFO] src.db: Baza logów otwarta: /workspace/networkC/data/logs.db (retencja 7 dni)
2026-02-12 01:06:42 [INFO] src.log_processor: Załadowano 3324 wpisów z pliku (rozmiar 18408724 bajtów, inode=7731374), śledzę plik...
2026-02-12 01:06:42 [INFO] src.web_app: Aplikacja uruchomiona, załadowano 3324 wpisów
2026-02-12 01:06:42 [INFO] src.web_app: GET /api/stream -> 200 0.011s
2026-02-12 01:06:44 [INFO] src.web_app: GET /api/logs -> 200 0.062s
2026-02-12 01:06:44 [INFO] src.web_app: GET /api/stats -> 200 0.071s
2026-02-12 01:06:45 [INFO] src.web_app: GET /api/alerts -> 200 0.539s
2026-02-12 01:06:46 [INFO] src.web_app: GET /api/stats -> 200 0.061s
2026-02-12 01:06:47 [INFO] src.web_app: GET /api/alerts -> 200 0.574s
2026-02-12 01:06:48 [INFO] src.web_app: GET /api/logs -> 200 0.048s
2026-02-12 01:06:48 [INFO] src.web_app: GET /api/stats -> 200 0.061s
2026-02-12 01:06:48 [INFO] src.web_app: GET /api/stats -> 200 0.070s
2026-02-12 01:06:49 [INFO] src.web_app: GET /api/logs -> 200 0.535s
2026-02-12 01:06:49 [INFO] src.web_app: GET /api/alerts -> 200 0.536s
2026-02-12 01:06:49 [INFO] src.web_app: GET /api/stats -> 200 0.067s
2026-02-12 01:06:49 [INFO] src.web_app: GET /api/alerts -> 200 0.561s
2026-02-12 01:06:49 [INFO] src.web_app: GET /api/logs -> 200 0.051s
2026-02-12 01:06:49 [INFO] src.web_app: GET /api/stats -> 200 0.065s
2026-02-12 01:06:50 [INFO] src.web_app: GET /api/alerts -> 200 0.502s
2026-02-12 01:06:50 [INFO] src.web_app: GET /api/stats -> 200 0.061s
2026-02-12 01:06:51 [INFO] src.web_app: GET /api/logs -> 200 0.664s
2026-02-12 01:06:51 [INFO] src.web_app: GET /api/alerts -> 200 0.665s
2026-02-12 01:06:51 [INFO] src.web_app: GET / -> 200 0.001s
2026-02-12 01:06:51 [INFO] src.web_app: GET /api/logs -> 200 0.052s
2026-02-12 01:06:51 [INFO] src.web_app: GET /api/stats -> 200 0.581s
2026-02-12 01:06:51 [INFO] src.web_app: GET /api/alerts -> 200 0.581s
2026-02-12 01:06:52 [INFO] src.web_app: GET /api/stats -> 200 0.173s
2026-02-12 01:06:52 [INFO] src.web_app: GET /api/logs -> 200 0.174s
2026-02-12 01:06:52 [INFO] src.web_app: GET /api/stats -> 200 0.125s
2026-02-12 01:06:52 [INFO] src.web_app: GET /api/logs -> 200 0.119s
2026-02-12 01:06:52 [INFO] src.web_app: GET /api/logs -> 200 0.137s
2026-02-12 01:06:52 [INFO] src.web_app: GET /api/stats -> 200 0.190s
2026-02-12 01:06:52 [INFO] src.web_app: GET /api/stats -> 200 0.171s
2026-02-12 01:06:52 [INFO] src.web_app: GET /api/logs -> 200 0.117s
2026-02-12 01:06:52 [INFO] src.web_app: GET /api/logs -> 200 0.057s
2026-02-12 01:06:52 [INFO] src.web_app: GET /api/stream -> 200 0.005s
2026-02-12 01:06:52 [INFO] src.web_app: GET /api/config -> 200 0.004s
2026-02-12 01:06:52 [INFO] src.web_app: GET /api/stats -> 200 0.097s
2026-02-12 01:06:52 [INFO] src.web_app: GET /api/logs -> 200 0.206s
2026-02-12 01:06:53 [INFO] src.web_app: GET /api/alerts -> 200 0.585s
2026-02-12 01:06:54 [INFO] src.web_app: GET /api/network/analytics -> 200 1.111s
2026-02-12 01:06:54 [INFO] src.web_app: GET /api/telemetry -> 200 0.547s
2026-02-12 01:06:54 [INFO] src.web_app: GET /api/logs -> 200 0.235s
2026-02-12 01:06:56 [INFO] src.web_app: GET /api/network/analytics -> 200 1.167s
2026-02-12 01:06:56 [INFO] src.web_app: GET /api/telemetry -> 200 0.597s
2026-02-12 01:07:01 [INFO] src.web_app: GET /api/stats -> 200 0.060s
2026-02-12 01:07:02 [INFO] src.web_app: GET /api/alerts -> 200 0.660s
2026-02-12 01:07:11 [INFO] src.web_app: GET /api/stats -> 200 0.065s
2026-02-12 01:07:12 [INFO] src.web_app: GET /api/alerts -> 200 0.571s
2026-02-12 01:07:21 [INFO] src.web_app: GET /api/stats -> 200 0.064s
2026-02-12 01:07:22 [INFO] src.web_app: GET /api/alerts -> 200 0.485s
2026-02-12 01:07:31 [INFO] src.web_app: GET /api/stats -> 200 0.064s
2026-02-12 01:07:32 [INFO] src.web_app: GET /api/alerts -> 200 0.588s
2026-02-12 01:07:42 [INFO] src.web_app: GET /api/stats -> 200 0.172s
2026-02-12 01:07:42 [INFO] src.web_app: GET /api/alerts -> 200 0.620s
2026-02-12 01:07:52 [INFO] src.web_app: GET /api/stats -> 200 0.715s
2026-02-12 01:07:52 [INFO] src.web_app: GET /api/alerts -> 200 0.601s
2026-02-12 01:07:53 [INFO] src.web_app: GET /api/alerts -> 200 0.561s
2026-02-12 01:08:01 [INFO] src.web_app: GET / -> 200 0.001s
2026-02-12 01:08:02 [INFO] src.web_app: GET /api/logs -> 200 0.072s
2026-02-12 01:08:02 [INFO] src.web_app: GET /api/config -> 200 0.003s
2026-02-12 01:08:02 [INFO] src.web_app: GET /api/stream -> 200 0.003s
2026-02-12 01:08:02 [INFO] src.web_app: GET /api/stats -> 200 0.100s
2026-02-12 01:08:02 [INFO] src.web_app: GET /api/logs -> 200 0.219s
2026-02-12 01:08:03 [INFO] src.web_app: GET /api/alerts -> 200 0.707s
2026-02-12 01:08:04 [INFO] src.web_app: GET /api/network/analytics -> 200 1.252s
2026-02-12 01:08:05 [INFO] src.web_app: GET /api/telemetry -> 200 1.053s
2026-02-12 01:08:05 [INFO] src.web_app: GET /api/logs -> 200 0.426s
2026-02-12 01:08:06 [INFO] src.web_app: GET /api/network/analytics -> 200 1.281s
2026-02-12 01:08:06 [INFO] src.web_app: GET /api/telemetry -> 200 0.621s
2026-02-12 01:08:12 [INFO] src.web_app: GET /api/stats -> 200 0.099s
2026-02-12 01:08:12 [INFO] src.web_app: GET / -> 200 0.001s
2026-02-12 01:08:12 [INFO] src.web_app: GET /api/logs -> 200 0.064s
2026-02-12 01:08:12 [INFO] src.web_app: GET /api/stream -> 200 0.007s
2026-02-12 01:08:12 [INFO] src.web_app: GET /api/config -> 200 0.006s
2026-02-12 01:08:12 [INFO] src.web_app: GET /api/stats -> 200 0.075s
2026-02-12 01:08:12 [INFO] src.web_app: GET /api/logs -> 200 0.208s
2026-02-12 01:08:13 [INFO] src.web_app: GET /api/alerts -> 200 0.819s
2026-02-12 01:08:15 [INFO] src.web_app: GET /api/network/analytics -> 200 1.851s
2026-02-12 01:08:15 [INFO] src.web_app: GET /api/telemetry -> 200 1.204s
2026-02-12 01:08:16 [INFO] src.web_app: GET /api/logs -> 200 0.478s
2026-02-12 01:08:17 [INFO] src.web_app: GET /api/network/analytics -> 200 1.414s
2026-02-12 01:08:17 [INFO] src.web_app: GET /api/telemetry -> 200 0.676s
2026-02-12 01:08:22 [INFO] src.web_app: GET /api/stats -> 200 0.065s
2026-02-12 01:08:23 [INFO] src.web_app: GET /api/alerts -> 200 0.701s
2026-02-12 01:08:32 [INFO] src.web_app: GET /api/stats -> 200 0.100s
2026-02-12 01:08:32 [INFO] src.web_app: GET /api/alerts -> 200 0.601s
2026-02-12 01:08:42 [INFO] src.web_app: GET /api/stats -> 200 0.087s
2026-02-12 01:08:43 [INFO] src.web_app: GET /api/alerts -> 200 0.643s
2026-02-12 01:08:52 [INFO] src.web_app: GET /api/stats -> 200 0.080s
2026-02-12 01:08:52 [INFO] src.web_app: GET /api/alerts -> 200 0.563s
2026-02-12 01:09:02 [INFO] src.web_app: GET /api/stats -> 200 0.070s
2026-02-12 01:09:02 [INFO] src.web_app: GET /api/alerts -> 200 0.497s
2026-02-12 01:09:10 [INFO] src.web_app: Zapisano 47 wpisów do bazy (flush bufora)
2026-02-12 01:09:10 [INFO] src.web_app: Shutdown: bufor DB zapisany (47 wpisów)
2026-02-12 01:09:10 [INFO] src.web_app: Baza danych zamknięta
2026-02-12 01:09:10 [INFO] src.web_app: Aplikacja zakończona (graceful shutdown)
2026-02-12 01:11:32 [INFO] root: Serwer startuje na http://0.0.0.0:8000
2026-02-12 01:11:32 [INFO] root: Archiwum logów: /var/ossec/logs/archives/archives.json
2026-02-12 01:11:32 [INFO] root: Logi aplikacji zapisywane do: /workspace/networkC/logs/app.log
2026-02-12 01:11:36 [INFO] src.web_app: Aplikacja uruchomiona, załadowano 3370 wpisów
2026-02-12 01:12:54 [INFO] src.web_app: Aplikacja zakończona (graceful shutdown)
2026-02-12 01:14:24 [INFO] root: Serwer startuje na http://0.0.0.0:8000
2026-02-12 01:14:24 [INFO] root: Archiwum logów: /var/ossec/logs/archives/archives.json
2026-02-12 01:14:24 [INFO] root: Logi aplikacji zapisywane do: /workspace/networkC/logs/app.log
2026-02-12 01:14:28 [INFO] src.web_app: Aplikacja uruchomiona, załadowano 3397 wpisów
2026-02-12 01:15:08 [INFO] src.web_app: Aplikacja zakończona (graceful shutdown)
2026-02-12 16:39:53 [INFO] root: Serwer startuje na http://0.0.0.0:8000
2026-02-12 16:39:53 [INFO] root: Archiwum logów: /var/ossec/logs/archives/archives.json
2026-02-12 16:39:53 [INFO] root: Logi aplikacji zapisywane do: /workspace/networkC/logs/app.log
2026-02-12 16:39:57 [INFO] src.web_app: Aplikacja uruchomiona, załadowano 3387 wpisów
2026-02-12 16:44:08 [INFO] src.web_app: Aplikacja zakończona (graceful shutdown)
2026-02-12 16:47:33 [INFO] root: Serwer startuje na http://0.0.0.0:8000
2026-02-12 16:47:33 [INFO] root: Archiwum logów: /var/ossec/logs/archives/archives.json
2026-02-12 16:47:33 [INFO] root: Logi aplikacji zapisywane do: /workspace/networkC/logs/app.log
2026-02-12 16:47:37 [INFO] src.web_app: Aplikacja uruchomiona, załadowano 3451 wpisów
2026-02-12 16:53:18 [INFO] src.web_app: Aplikacja zakończona (graceful shutdown)
2026-02-12 16:55:17 [INFO] root: Serwer startuje na http://0.0.0.0:8000
2026-02-12 16:55:17 [INFO] root: Archiwum logów: /var/ossec/logs/archives/archives.json
2026-02-12 16:55:17 [INFO] root: Logi aplikacji zapisywane do: /workspace/networkC/logs/app.log
2026-02-12 16:55:29 [INFO] src.web_app: Aplikacja uruchomiona, załadowano 3534 wpisów
2026-02-12 16:55:29 [INFO] src.log_processor: Śledzenie pliku: rozmiar=21227868 B, pozycja=21227868 B, inode=7731374, nowe wpisy w tym odczycie=0, bufor ogon=0 B
2026-02-12 16:56:29 [INFO] src.log_processor: Śledzenie pliku: rozmiar=21249156 B, pozycja=21249156 B, inode=7731374, nowe wpisy w tym odczycie=0, bufor ogon=0 B
2026-02-12 16:56:29 [INFO] src.web_app: Poll aktywny, wpisów w pamięci: 3556
2026-02-12 16:57:30 [INFO] src.log_processor: Śledzenie pliku: rozmiar=21277559 B, pozycja=21277559 B, inode=7731374, nowe wpisy w tym odczycie=0, bufor ogon=0 B
2026-02-12 16:57:30 [INFO] src.web_app: Poll aktywny, wpisów w pamięci: 3584
2026-02-12 16:58:30 [INFO] src.log_processor: Śledzenie pliku: rozmiar=21304065 B, pozycja=21304065 B, inode=7731374, nowe wpisy w tym odczycie=0, bufor ogon=0 B
2026-02-12 16:58:30 [INFO] src.web_app: Poll aktywny, wpisów w pamięci: 3611
2026-02-12 16:59:30 [INFO] src.log_processor: Śledzenie pliku: rozmiar=21327785 B, pozycja=21327785 B, inode=7731374, nowe wpisy w tym odczycie=0, bufor ogon=0 B
2026-02-12 16:59:30 [INFO] src.web_app: Poll aktywny, wpisów w pamięci: 3631
2026-02-12 17:00:30 [INFO] src.log_processor: Śledzenie pliku: rozmiar=21353094 B, pozycja=21353094 B, inode=7731374, nowe wpisy w tym odczycie=0, bufor ogon=4989 B
2026-02-12 17:00:30 [INFO] src.web_app: Poll aktywny, wpisów w pamięci: 3648
2026-02-12 17:01:30 [INFO] src.log_processor: Śledzenie pliku: rozmiar=21382020 B, pozycja=21382020 B, inode=7731374, nowe wpisy w tym odczycie=0, bufor ogon=35502 B
2026-02-12 17:01:30 [INFO] src.web_app: Poll aktywny, wpisów w pamięci: 3648
2026-02-12 17:02:30 [INFO] src.log_processor: Śledzenie pliku: rozmiar=21403320 B, pozycja=21403320 B, inode=7731374, nowe wpisy w tym odczycie=0, bufor ogon=56802 B
2026-02-12 17:02:30 [INFO] src.web_app: Poll aktywny, wpisów w pamięci: 3648
2026-02-12 17:03:30 [INFO] src.log_processor: Śledzenie pliku: rozmiar=21424612 B, pozycja=21424612 B, inode=7731374, nowe wpisy w tym odczycie=0, bufor ogon=78094 B
2026-02-12 17:03:30 [INFO] src.web_app: Poll aktywny, wpisów w pamięci: 3648
2026-02-12 17:04:30 [INFO] src.log_processor: Śledzenie pliku: rozmiar=21453550 B, pozycja=21453550 B, inode=7731374, nowe wpisy w tym odczycie=0, bufor ogon=107032 B
2026-02-12 17:04:30 [INFO] src.web_app: Poll aktywny, wpisów w pamięci: 3648
2026-02-12 17:05:04 [INFO] src.web_app: Aplikacja zakończona (graceful shutdown)
2026-02-12 17:05:06 [INFO] root: Serwer startuje na http://0.0.0.0:8000
2026-02-12 17:05:06 [INFO] root: Archiwum logów: /var/ossec/logs/archives/archives.json
2026-02-12 17:05:06 [INFO] root: Logi aplikacji zapisywane do: /workspace/networkC/logs/app.log
2026-02-12 17:05:18 [INFO] src.web_app: Aplikacja uruchomiona, załadowano 3566 wpisów
2026-02-12 17:08:22 [INFO] src.web_app: Aplikacja zakończona (graceful shutdown)
2026-02-12 17:11:19 [INFO] root: Serwer startuje na http://0.0.0.0:8000
2026-02-12 17:11:19 [INFO] root: Archiwum logów: /var/ossec/logs/archives/archives.json
2026-02-12 17:11:19 [INFO] root: Logi aplikacji zapisywane do: /workspace/networkC/logs/app.log
2026-02-12 17:11:31 [INFO] src.web_app: Aplikacja uruchomiona, załadowano 3605 wpisów
2026-02-12 17:25:24 [INFO] src.web_app: Aplikacja zakończona (graceful shutdown)
2026-02-12 17:25:27 [INFO] root: Serwer startuje na http://0.0.0.0:8000
2026-02-12 17:25:27 [INFO] root: Archiwum logów: /var/ossec/logs/archives/archives.json
2026-02-12 17:25:27 [INFO] root: Logi aplikacji zapisywane do: /workspace/networkC/logs/app.log
2026-02-12 17:25:38 [INFO] src.web_app: Aplikacja uruchomiona, załadowano 3678 wpisów
2026-02-12 17:41:54 [INFO] src.web_app: Aplikacja zakończona (graceful shutdown)
2026-02-12 17:51:42 [INFO] root: Serwer startuje na http://0.0.0.0:8000
2026-02-12 17:51:42 [INFO] root: Archiwum logów: /var/ossec/logs/archives/archives.json
2026-02-12 17:51:42 [INFO] root: Logi aplikacji zapisywane do: /workspace/networkC/logs/app.log
2026-02-12 17:51:46 [INFO] src.web_app: Aplikacja uruchomiona, załadowano 3781 wpisów
2026-02-12 17:51:46 [INFO] src.web_app: Włączono okresowy zapis bufora do DB co 5 s
2026-02-12 17:52:32 [INFO] root: Serwer startuje na http://0.0.0.0:8000
2026-02-12 17:52:32 [INFO] root: Archiwum logów: /var/ossec/logs/archives/archives.json
2026-02-12 17:52:32 [INFO] root: Logi aplikacji zapisywane do: /workspace/networkC/logs/app.log
2026-02-12 17:52:36 [INFO] src.web_app: Aplikacja uruchomiona, załadowano 3786 wpisów
2026-02-12 17:52:36 [INFO] src.web_app: Włączono okresowy zapis bufora do DB co 5 s
2026-02-12 18:19:31 [INFO] src.web_app: Aplikacja zakończona (graceful shutdown)
